<?xml version="1.0" encoding="UTF-8"?>
<!-- Generated by org.testng.reporters.JUnitXMLReporter -->
<testsuite hostname="KRISHNA-NAND-PRASAD" ignored="0" name="Test" tests="16" failures="0" timestamp="18 Jun 2020 15:21:03 GMT" time="0.072" errors="0">
  <testcase name="testcase1" time="0.014" classname="efgh.Class4"/>
  <testcase name="testcase5" time="0.014" classname="efgh.Class5"/>
  <testcase name="testcase6" time="0.002" classname="efgh.Class5"/>
  <testcase name="testcase2" time="0.004" classname="efgh.Class4"/>
  <testcase name="testcase7" time="0.005" classname="efgh.Class5"/>
  <testcase name="testcase3" time="0.001" classname="efgh.Class4"/>
  <testcase name="testcase8" time="0.001" classname="efgh.Class5"/>
  <testcase name="testcase4" time="0.001" classname="efgh.Class4"/>
  <testcase name="testcase10" time="0.001" classname="efgh.Class6"/>
  <testcase name="testcase13" time="0.002" classname="efgh.Class7"/>
  <testcase name="testcase11" time="0.001" classname="efgh.Class6"/>
  <testcase name="testcase14" time="0.002" classname="efgh.Class7"/>
  <testcase name="testcase12" time="0.001" classname="efgh.Class6"/>
  <testcase name="testcase15" time="0.003" classname="efgh.Class7"/>
  <testcase name="testcase9" time="0.004" classname="efgh.Class6"/>
  <testcase name="testcase16" time="0.001" classname="efgh.Class7"/>
</testsuite> <!-- Test -->
